Determining if the pthread_create exist failed with the following output:
Change Dir: /home/hj/catkin_ws/build/CMakeFiles/CMakeTmp

Run Build Command:/usr/bin/make "cmTryCompileExec847171299/fast"
/usr/bin/make -f CMakeFiles/cmTryCompileExec847171299.dir/build.make CMakeFiles/cmTryCompileExec847171299.dir/build
make[1]: Entering directory `/home/hj/catkin_ws/build/CMakeFiles/CMakeTmp'
/usr/bin/cmake -E cmake_progress_report /home/hj/catkin_ws/build/CMakeFiles/CMakeTmp/CMakeFiles 1
Building C object CMakeFiles/cmTryCompileExec847171299.dir/CheckSymbolExists.c.o
/usr/bin/cc    -o CMakeFiles/cmTryCompileExec847171299.dir/CheckSymbolExists.c.o   -c /home/hj/catkin_ws/build/CMakeFiles/CMakeTmp/CheckSymbolExists.c
Linking C executable cmTryCompileExec847171299
/usr/bin/cmake -E cmake_link_script CMakeFiles/cmTryCompileExec847171299.dir/link.txt --verbose=1
/usr/bin/cc       CMakeFiles/cmTryCompileExec847171299.dir/CheckSymbolExists.c.o  -o cmTryCompileExec847171299 -rdynamic 
CMakeFiles/cmTryCompileExec847171299.dir/CheckSymbolExists.c.o: In function `main':
CheckSymbolExists.c:(.text+0x16): undefined reference to `pthread_create'
collect2: error: ld returned 1 exit status
make[1]: *** [cmTryCompileExec847171299] 오류 1
make[1]: Leaving directory `/home/hj/catkin_ws/build/CMakeFiles/CMakeTmp'
make: *** [cmTryCompileExec847171299/fast] 오류 2

File /home/hj/catkin_ws/build/CMakeFiles/CMakeTmp/CheckSymbolExists.c:
/* */
#include <pthread.h>

int main(int argc, char** argv)
{
  (void)argv;
#ifndef pthread_create
  return ((int*)(&pthread_create))[argc];
#else
  (void)argc;
  return 0;
#endif
}

Determining if the function pthread_create exists in the pthreads failed with the following output:
Change Dir: /home/hj/catkin_ws/build/CMakeFiles/CMakeTmp

Run Build Command:/usr/bin/make "cmTryCompileExec1357873243/fast"
/usr/bin/make -f CMakeFiles/cmTryCompileExec1357873243.dir/build.make CMakeFiles/cmTryCompileExec1357873243.dir/build
make[1]: Entering directory `/home/hj/catkin_ws/build/CMakeFiles/CMakeTmp'
/usr/bin/cmake -E cmake_progress_report /home/hj/catkin_ws/build/CMakeFiles/CMakeTmp/CMakeFiles 1
Building C object CMakeFiles/cmTryCompileExec1357873243.dir/CheckFunctionExists.c.o
/usr/bin/cc   -DCHECK_FUNCTION_EXISTS=pthread_create   -o CMakeFiles/cmTryCompileExec1357873243.dir/CheckFunctionExists.c.o   -c /usr/share/cmake-2.8/Modules/CheckFunctionExists.c
Linking C executable cmTryCompileExec1357873243
/usr/bin/cmake -E cmake_link_script CMakeFiles/cmTryCompileExec1357873243.dir/link.txt --verbose=1
/usr/bin/cc   -DCHECK_FUNCTION_EXISTS=pthread_create    CMakeFiles/cmTryCompileExec1357873243.dir/CheckFunctionExists.c.o  -o cmTryCompileExec1357873243 -rdynamic -lpthreads 
/usr/bin/ld: cannot find -lpthreads
collect2: error: ld returned 1 exit status
make[1]: *** [cmTryCompileExec1357873243] 오류 1
make[1]: Leaving directory `/home/hj/catkin_ws/build/CMakeFiles/CMakeTmp'
make: *** [cmTryCompileExec1357873243/fast] 오류 2


Determining if the Q_WS_WIN exist failed with the following output:
Change Dir: /home/hj/catkin_ws/build/CMakeFiles/CMakeTmp

Run Build Command:/usr/bin/make "cmTryCompileExec1427159039/fast"
/usr/bin/make -f CMakeFiles/cmTryCompileExec1427159039.dir/build.make CMakeFiles/cmTryCompileExec1427159039.dir/build
make[1]: Entering directory `/home/hj/catkin_ws/build/CMakeFiles/CMakeTmp'
/usr/bin/cmake -E cmake_progress_report /home/hj/catkin_ws/build/CMakeFiles/CMakeTmp/CMakeFiles 1
Building CXX object CMakeFiles/cmTryCompileExec1427159039.dir/CheckSymbolExists.cxx.o
/usr/bin/c++    -I/usr/include/qt4    -o CMakeFiles/cmTryCompileExec1427159039.dir/CheckSymbolExists.cxx.o -c /home/hj/catkin_ws/build/CMakeFiles/CMakeTmp/CheckSymbolExists.cxx
/home/hj/catkin_ws/build/CMakeFiles/CMakeTmp/CheckSymbolExists.cxx: In function ‘int main(int, char**)’:
/home/hj/catkin_ws/build/CMakeFiles/CMakeTmp/CheckSymbolExists.cxx:8:19: error: ‘Q_WS_WIN’ was not declared in this scope
   return ((int*)(&Q_WS_WIN))[argc];
                   ^
make[1]: *** [CMakeFiles/cmTryCompileExec1427159039.dir/CheckSymbolExists.cxx.o] 오류 1
make[1]: Leaving directory `/home/hj/catkin_ws/build/CMakeFiles/CMakeTmp'
make: *** [cmTryCompileExec1427159039/fast] 오류 2

File /home/hj/catkin_ws/build/CMakeFiles/CMakeTmp/CheckSymbolExists.cxx:
/* */
#include <QtCore/qglobal.h>

int main(int argc, char** argv)
{
  (void)argv;
#ifndef Q_WS_WIN
  return ((int*)(&Q_WS_WIN))[argc];
#else
  (void)argc;
  return 0;
#endif
}

Determining if the Q_WS_QWS exist failed with the following output:
Change Dir: /home/hj/catkin_ws/build/CMakeFiles/CMakeTmp

Run Build Command:/usr/bin/make "cmTryCompileExec2585699878/fast"
/usr/bin/make -f CMakeFiles/cmTryCompileExec2585699878.dir/build.make CMakeFiles/cmTryCompileExec2585699878.dir/build
make[1]: Entering directory `/home/hj/catkin_ws/build/CMakeFiles/CMakeTmp'
/usr/bin/cmake -E cmake_progress_report /home/hj/catkin_ws/build/CMakeFiles/CMakeTmp/CMakeFiles 1
Building CXX object CMakeFiles/cmTryCompileExec2585699878.dir/CheckSymbolExists.cxx.o
/usr/bin/c++    -I/usr/include/qt4    -o CMakeFiles/cmTryCompileExec2585699878.dir/CheckSymbolExists.cxx.o -c /home/hj/catkin_ws/build/CMakeFiles/CMakeTmp/CheckSymbolExists.cxx
/home/hj/catkin_ws/build/CMakeFiles/CMakeTmp/CheckSymbolExists.cxx: In function ‘int main(int, char**)’:
/home/hj/catkin_ws/build/CMakeFiles/CMakeTmp/CheckSymbolExists.cxx:8:19: error: ‘Q_WS_QWS’ was not declared in this scope
   return ((int*)(&Q_WS_QWS))[argc];
                   ^
make[1]: *** [CMakeFiles/cmTryCompileExec2585699878.dir/CheckSymbolExists.cxx.o] 오류 1
make[1]: Leaving directory `/home/hj/catkin_ws/build/CMakeFiles/CMakeTmp'
make: *** [cmTryCompileExec2585699878/fast] 오류 2

File /home/hj/catkin_ws/build/CMakeFiles/CMakeTmp/CheckSymbolExists.cxx:
/* */
#include <QtCore/qglobal.h>

int main(int argc, char** argv)
{
  (void)argv;
#ifndef Q_WS_QWS
  return ((int*)(&Q_WS_QWS))[argc];
#else
  (void)argc;
  return 0;
#endif
}

Determining if the Q_WS_MAC exist failed with the following output:
Change Dir: /home/hj/catkin_ws/build/CMakeFiles/CMakeTmp

Run Build Command:/usr/bin/make "cmTryCompileExec3261743608/fast"
/usr/bin/make -f CMakeFiles/cmTryCompileExec3261743608.dir/build.make CMakeFiles/cmTryCompileExec3261743608.dir/build
make[1]: Entering directory `/home/hj/catkin_ws/build/CMakeFiles/CMakeTmp'
/usr/bin/cmake -E cmake_progress_report /home/hj/catkin_ws/build/CMakeFiles/CMakeTmp/CMakeFiles 1
Building CXX object CMakeFiles/cmTryCompileExec3261743608.dir/CheckSymbolExists.cxx.o
/usr/bin/c++    -I/usr/include/qt4    -o CMakeFiles/cmTryCompileExec3261743608.dir/CheckSymbolExists.cxx.o -c /home/hj/catkin_ws/build/CMakeFiles/CMakeTmp/CheckSymbolExists.cxx
/home/hj/catkin_ws/build/CMakeFiles/CMakeTmp/CheckSymbolExists.cxx: In function ‘int main(int, char**)’:
/home/hj/catkin_ws/build/CMakeFiles/CMakeTmp/CheckSymbolExists.cxx:8:19: error: ‘Q_WS_MAC’ was not declared in this scope
   return ((int*)(&Q_WS_MAC))[argc];
                   ^
make[1]: *** [CMakeFiles/cmTryCompileExec3261743608.dir/CheckSymbolExists.cxx.o] 오류 1
make[1]: Leaving directory `/home/hj/catkin_ws/build/CMakeFiles/CMakeTmp'
make: *** [cmTryCompileExec3261743608/fast] 오류 2

File /home/hj/catkin_ws/build/CMakeFiles/CMakeTmp/CheckSymbolExists.cxx:
/* */
#include <QtCore/qglobal.h>

int main(int argc, char** argv)
{
  (void)argv;
#ifndef Q_WS_MAC
  return ((int*)(&Q_WS_MAC))[argc];
#else
  (void)argc;
  return 0;
#endif
}

Determining if the include file pgm.h exists failed with the following output:
Change Dir: /home/hj/catkin_ws/build/CMakeFiles/CMakeTmp

Run Build Command:/usr/bin/make "cmTryCompileExec1875224549/fast"
/usr/bin/make -f CMakeFiles/cmTryCompileExec1875224549.dir/build.make CMakeFiles/cmTryCompileExec1875224549.dir/build
make[1]: Entering directory `/home/hj/catkin_ws/build/CMakeFiles/CMakeTmp'
/usr/bin/cmake -E cmake_progress_report /home/hj/catkin_ws/build/CMakeFiles/CMakeTmp/CMakeFiles 1
Building CXX object CMakeFiles/cmTryCompileExec1875224549.dir/CheckIncludeFile.cxx.o
/usr/bin/c++    -Wno-deprecated    -o CMakeFiles/cmTryCompileExec1875224549.dir/CheckIncludeFile.cxx.o -c /home/hj/catkin_ws/build/CMakeFiles/CMakeTmp/CheckIncludeFile.cxx
/home/hj/catkin_ws/build/CMakeFiles/CMakeTmp/CheckIncludeFile.cxx:1:17: fatal error: pgm.h: 그런 파일이나 디렉터리가 없습니다
 #include <pgm.h>
                 ^
compilation terminated.
make[1]: *** [CMakeFiles/cmTryCompileExec1875224549.dir/CheckIncludeFile.cxx.o] 오류 1
make[1]: Leaving directory `/home/hj/catkin_ws/build/CMakeFiles/CMakeTmp'
make: *** [cmTryCompileExec1875224549/fast] 오류 2


